<component name="libraryTable">
  <library name="JUnitParams-1.1.0">
    <CLASSES>
      <root url="jar://$USER_HOME$/Downloads/JUnitParams-1.1.0.jar!/" />
    </CLASSES>
    <JAVADOC />
    <SOURCES />
  </library>
</component>